Watching for file changes with StatReloader
Starting load_laws...
System not initialized, initializing now...
Initializing BERT model...
Loading from C:\Users\prajw\Desktop\MAJOR\FIR\data\laws.xlsx
Successfully loaded 89 laws from C:\Users\prajw\Desktop\MAJOR\FIR\data\laws.xlsx
Successfully computed and cached law embeddings
Not Found: /favicon.ico
Not Found: /favicon.ico
Starting text extraction from fir_audio/fir_audio_20241118_103641_qo872t5.webm
Converting webm to wav
Converted to WAV: C:\Users\prajw\Desktop\MAJOR\FIR\media\fir_audio/fir_audio_20241118_103641_qo872t5.wav
Reading audio file
Audio file read successfully
Starting Google Speech Recognition
Extracted text: my name is Prajwal Kamli thank you
Starting law suggestion process...
Starting law suggestion process...
Starting law suggestion process...
Starting load_laws...
System not initialized, initializing now...
Initializing BERT model...
Loading from C:\Users\prajw\Desktop\MAJOR\FIR\data\laws.xlsx
Successfully loaded 89 laws from C:\Users\prajw\Desktop\MAJOR\FIR\data\laws.xlsx
Successfully computed and cached law embeddings
Watching for file changes with StatReloader
Starting load_laws...
System not initialized, initializing now...
Initializing BERT model...
Loading from C:\Users\prajw\Desktop\MAJOR\FIR\data\laws.xlsx
Successfully loaded 89 laws from C:\Users\prajw\Desktop\MAJOR\FIR\data\laws.xlsx
Successfully computed and cached law embeddings
Not Found: /favicon.ico
Starting law suggestion process...
Watching for file changes with StatReloader
Starting load_laws...
System not initialized, initializing now...
Initializing BERT model...
Loading from C:\Users\prajw\Desktop\MAJOR\FIR\data\laws.xlsx
Successfully loaded 89 laws from C:\Users\prajw\Desktop\MAJOR\FIR\data\laws.xlsx
Successfully computed and cached law embeddings
Not Found: /favicon.ico
Starting law suggestion process...
Starting law suggestion process...
Watching for file changes with StatReloader
Starting load_laws...
System not initialized, initializing now...
Initializing BERT model...
Loading from C:\Users\prajw\Desktop\MAJOR\FIR\data\laws.xlsx
Successfully loaded 89 laws from C:\Users\prajw\Desktop\MAJOR\FIR\data\laws.xlsx
Successfully computed and cached law embeddings
Not Found: /favicon.ico
Starting law suggestion process...
Not Found: /favicon.ico
Starting text extraction from fir_audio/fir_audio_20241118_114130_123451234567.webm
Converting webm to wav
Converted to WAV: C:\Users\prajw\Desktop\MAJOR\FIR\media\fir_audio/fir_audio_20241118_114130_123451234567.wav
Reading audio file
Audio file read successfully
Starting Google Speech Recognition
Extracted text: Ramesh murdered Sujal
Starting law suggestion process...
Watching for file changes with StatReloader
Starting load_laws...
System not initialized, initializing now...
Initializing BERT model...
Loading from C:\Users\prajw\Desktop\MAJOR\FIR\data\laws.xlsx
Successfully loaded 89 laws from C:\Users\prajw\Desktop\MAJOR\FIR\data\laws.xlsx
Successfully computed and cached law embeddings
Not Found: /favicon.ico
Watching for file changes with StatReloader
Starting load_laws...
System not initialized, initializing now...
Initializing BERT model...
Loading from C:\Users\prajw\Desktop\MAJOR\FIR\data\laws.xlsx
Successfully loaded 89 laws from C:\Users\prajw\Desktop\MAJOR\FIR\data\laws.xlsx
Successfully computed and cached law embeddings
Not Found: /favicon.ico
Watching for file changes with StatReloader
Starting load_laws...
System not initialized, initializing now...
Initializing BERT model...
Loading from C:\Users\prajw\Desktop\MAJOR\FIR\data\laws.xlsx
Successfully loaded 89 laws from C:\Users\prajw\Desktop\MAJOR\FIR\data\laws.xlsx
Successfully computed and cached law embeddings
Not Found: /favicon.ico
Starting text extraction from fir_audio/fir_audio_20241206_125626_900007777756.webm
Converting webm to wav
Converted to WAV: C:\Users\prajw\Desktop\MAJOR\FIR\media\fir_audio/fir_audio_20241206_125626_900007777756.wav
Reading audio file
Audio file read successfully
Starting Google Speech Recognition
Extracted text: it was a Dark Knight I was going to home I saw Rohan in the bushes in curiosity I reach the destination and found out that Rohan was trying to have miss chief behaviour with a girl where he tried to assault the girl and murdered her
Starting law suggestion process...
Starting text extraction from fir_audio/fir_audio_20241206_130144_898989898989.webm
Converting webm to wav
Converted to WAV: C:\Users\prajw\Desktop\MAJOR\FIR\media\fir_audio/fir_audio_20241206_130144_898989898989.wav
Reading audio file
Audio file read successfully
Starting Google Speech Recognition
Extracted text: Rohan was married and after their marriage he was continuously troubling her wife to bring dowry from her home her wife was very upset but in his continuous assault Rohan killed his wife
Starting law suggestion process...
Not Found: /dashboard/admin
Not Found: /dashboard/admin/
Starting load_laws...
System not initialized, initializing now...
Initializing BERT model...
Loading from C:\Users\prajw\Desktop\MAJOR\FIR\data\laws.xlsx
Successfully loaded 89 laws from C:\Users\prajw\Desktop\MAJOR\FIR\data\laws.xlsx
Successfully computed and cached law embeddings
Watching for file changes with StatReloader
Starting load_laws...
System not initialized, initializing now...
Initializing BERT model...
Loading from C:\Users\prajw\Desktop\MAJOR\FIR\data\laws.xlsx
Successfully loaded 89 laws from C:\Users\prajw\Desktop\MAJOR\FIR\data\laws.xlsx
Successfully computed and cached law embeddings
Watching for file changes with StatReloader
Starting load_laws...
System not initialized, initializing now...
Initializing BERT model...
Loading from C:\Users\prajw\Desktop\MAJOR\FIR\data\laws.xlsx
Successfully loaded 89 laws from C:\Users\prajw\Desktop\MAJOR\FIR\data\laws.xlsx
Successfully computed and cached law embeddings
Not Found: /favicon.ico
Watching for file changes with StatReloader
Starting load_laws...
System not initialized, initializing now...
Initializing BERT model...
Loading from C:\Users\prajw\Desktop\MAJOR\FIR\data\laws.xlsx
Successfully loaded 89 laws from C:\Users\prajw\Desktop\MAJOR\FIR\data\laws.xlsx
Successfully computed and cached law embeddings
Not Found: /favicon.ico
Starting text extraction from fir_audio/fir_audio_20241207_222342_123412341234.webm
Converting webm to wav
Converted to WAV: C:\Users\prajw\Desktop\MAJOR\FIR\media\fir_audio/fir_audio_20241207_222342_123412341234.wav
Reading audio file
Audio file read successfully
Starting Google Speech Recognition
Extracted text: Ramesh murdered Sameer
Starting law suggestion process...
Watching for file changes with StatReloader
Starting load_laws...
System not initialized, initializing now...
Initializing BERT model...
Loading from C:\Users\prajw\Desktop\MAJOR\FIR\data\laws.xlsx
Successfully loaded 89 laws from C:\Users\prajw\Desktop\MAJOR\FIR\data\laws.xlsx
Successfully computed and cached law embeddings
Not Found: /favicon.ico
Watching for file changes with StatReloader
Starting load_laws...
System not initialized, initializing now...
Initializing BERT model...
Loading from C:\Users\prajw\Desktop\MAJOR\FIR\data\laws.xlsx
Error loading laws file: Missing optional dependency 'openpyxl'.  Use pip or conda to install openpyxl.
Successfully loaded laws from database
Not Found: /favicon.ico
Watching for file changes with StatReloader
Starting load_laws...
System not initialized, initializing now...
Initializing BERT model...
Loading from C:\Users\prajw\Desktop\MAJOR\FIR\data\laws.xlsx
Error loading laws file: Missing optional dependency 'openpyxl'.  Use pip or conda to install openpyxl.
Successfully loaded laws from database
Watching for file changes with StatReloader
Starting load_laws...
System not initialized, initializing now...
Initializing BERT model...
Loading from C:\Users\prajw\Desktop\MAJOR\FIR\data\laws.xlsx
Error loading laws file: Missing optional dependency 'openpyxl'.  Use pip or conda to install openpyxl.
Successfully loaded laws from database
Invalid HTTP_HOST header: '127.0.0.1:8000'. You may need to add '127.0.0.1' to ALLOWED_HOSTS.
Traceback (most recent call last):
  File "C:\Users\prajw\Desktop\MAJOR\project\Lib\site-packages\django\core\handlers\exception.py", line 55, in inner
    response = get_response(request)
               ^^^^^^^^^^^^^^^^^^^^^
  File "C:\Users\prajw\Desktop\MAJOR\project\Lib\site-packages\django\utils\deprecation.py", line 128, in __call__
    response = self.process_request(request)
               ^^^^^^^^^^^^^^^^^^^^^^^^^^^^^
  File "C:\Users\prajw\Desktop\MAJOR\project\Lib\site-packages\django\middleware\common.py", line 48, in process_request
    host = request.get_host()
           ^^^^^^^^^^^^^^^^^^
  File "C:\Users\prajw\Desktop\MAJOR\project\Lib\site-packages\django\http\request.py", line 151, in get_host
    raise DisallowedHost(msg)
django.core.exceptions.DisallowedHost: Invalid HTTP_HOST header: '127.0.0.1:8000'. You may need to add '127.0.0.1' to ALLOWED_HOSTS.
Bad Request: /dashboard/
Invalid HTTP_HOST header: '127.0.0.1:8000'. You may need to add '127.0.0.1' to ALLOWED_HOSTS.
Traceback (most recent call last):
  File "C:\Users\prajw\Desktop\MAJOR\project\Lib\site-packages\django\core\handlers\exception.py", line 55, in inner
    response = get_response(request)
               ^^^^^^^^^^^^^^^^^^^^^
  File "C:\Users\prajw\Desktop\MAJOR\project\Lib\site-packages\django\utils\deprecation.py", line 128, in __call__
    response = self.process_request(request)
               ^^^^^^^^^^^^^^^^^^^^^^^^^^^^^
  File "C:\Users\prajw\Desktop\MAJOR\project\Lib\site-packages\django\middleware\common.py", line 48, in process_request
    host = request.get_host()
           ^^^^^^^^^^^^^^^^^^
  File "C:\Users\prajw\Desktop\MAJOR\project\Lib\site-packages\django\http\request.py", line 151, in get_host
    raise DisallowedHost(msg)
django.core.exceptions.DisallowedHost: Invalid HTTP_HOST header: '127.0.0.1:8000'. You may need to add '127.0.0.1' to ALLOWED_HOSTS.
Bad Request: /favicon.ico
Watching for file changes with StatReloader
Starting load_laws...
System not initialized, initializing now...
Initializing BERT model...
Loading from C:\Users\prajw\Desktop\MAJOR\FIR\data\laws.xlsx
Error loading laws file: Missing optional dependency 'openpyxl'.  Use pip or conda to install openpyxl.
Successfully loaded laws from database
Invalid HTTP_HOST header: '127.0.0.1:8000'. You may need to add '127.0.0.1' to ALLOWED_HOSTS.
Traceback (most recent call last):
  File "C:\Users\prajw\Desktop\MAJOR\project\Lib\site-packages\django\core\handlers\exception.py", line 55, in inner
    response = get_response(request)
               ^^^^^^^^^^^^^^^^^^^^^
  File "C:\Users\prajw\Desktop\MAJOR\project\Lib\site-packages\django\utils\deprecation.py", line 128, in __call__
    response = self.process_request(request)
               ^^^^^^^^^^^^^^^^^^^^^^^^^^^^^
  File "C:\Users\prajw\Desktop\MAJOR\project\Lib\site-packages\django\middleware\common.py", line 48, in process_request
    host = request.get_host()
           ^^^^^^^^^^^^^^^^^^
  File "C:\Users\prajw\Desktop\MAJOR\project\Lib\site-packages\django\http\request.py", line 151, in get_host
    raise DisallowedHost(msg)
django.core.exceptions.DisallowedHost: Invalid HTTP_HOST header: '127.0.0.1:8000'. You may need to add '127.0.0.1' to ALLOWED_HOSTS.
Bad Request: /dashboard/
Invalid HTTP_HOST header: '127.0.0.1:8000'. You may need to add '127.0.0.1' to ALLOWED_HOSTS.
Traceback (most recent call last):
  File "C:\Users\prajw\Desktop\MAJOR\project\Lib\site-packages\django\core\handlers\exception.py", line 55, in inner
    response = get_response(request)
               ^^^^^^^^^^^^^^^^^^^^^
  File "C:\Users\prajw\Desktop\MAJOR\project\Lib\site-packages\django\utils\deprecation.py", line 128, in __call__
    response = self.process_request(request)
               ^^^^^^^^^^^^^^^^^^^^^^^^^^^^^
  File "C:\Users\prajw\Desktop\MAJOR\project\Lib\site-packages\django\middleware\common.py", line 48, in process_request
    host = request.get_host()
           ^^^^^^^^^^^^^^^^^^
  File "C:\Users\prajw\Desktop\MAJOR\project\Lib\site-packages\django\http\request.py", line 151, in get_host
    raise DisallowedHost(msg)
django.core.exceptions.DisallowedHost: Invalid HTTP_HOST header: '127.0.0.1:8000'. You may need to add '127.0.0.1' to ALLOWED_HOSTS.
Bad Request: /favicon.ico
C:\Users\prajw\Desktop\MAJOR\FIR\FIR\settings.py changed, reloading.
Watching for file changes with StatReloader
Starting load_laws...
System not initialized, initializing now...
Initializing BERT model...
Loading from C:\Users\prajw\Desktop\MAJOR\FIR\data\laws.xlsx
Error loading laws file: Missing optional dependency 'openpyxl'.  Use pip or conda to install openpyxl.
Successfully loaded laws from database
C:\Users\prajw\Desktop\MAJOR\FIR\FIR\settings.py changed, reloading.
Watching for file changes with StatReloader
Starting load_laws...
System not initialized, initializing now...
Initializing BERT model...
Watching for file changes with StatReloader
Starting load_laws...
System not initialized, initializing now...
Initializing BERT model...
Loading from C:\Users\prajw\Desktop\MAJOR\FIR\data\laws.xlsx
Error loading laws file: Missing optional dependency 'openpyxl'.  Use pip or conda to install openpyxl.
Successfully loaded laws from database
Not Found: /favicon.ico
Starting text extraction from fir_audio/fir_audio_20250110_122058_898989898989.webm
Converting webm to wav
Converted to WAV: C:\Users\prajw\Desktop\MAJOR\FIR\media\fir_audio/fir_audio_20250110_122058_898989898989.wav
Reading audio file
Audio file read successfully
Starting Google Speech Recognition
Extracted text: Rakshit murdered Prajwal
Starting law suggestion process...
Starting law suggestion process...
